<?xml version="1.0" encoding="UTF-8"?>
<testng-results ignored="0" total="1" passed="1" failed="0" skipped="0">
  <reporter-output>
  </reporter-output>
  <suite started-at="2024-02-25T13:54:02 IST" name="Default suite" finished-at="2024-02-25T13:54:30 IST" duration-ms="27755">
    <groups>
    </groups>
    <test started-at="2024-02-25T13:54:02 IST" name="Default test" finished-at="2024-02-25T13:54:30 IST" duration-ms="27755">
      <class name="ram.Frames">
        <test-method signature="frames()[pri:0, instance:ram.Frames@41a0aa7d]" started-at="2024-02-25T13:54:02 IST" name="frames" finished-at="2024-02-25T13:54:30 IST" duration-ms="27652" status="PASS">
          <reporter-output>
          </reporter-output>
        </test-method> <!-- frames -->
      </class> <!-- ram.Frames -->
    </test> <!-- Default test -->
  </suite> <!-- Default suite -->
</testng-results>
